2024-03-08 23:42:32.269 [INFO ] [main] DevtoolsApplication - Starting DevtoolsApplication using Java 17.0.10 with PID 87069 (/home/heliannuuthus/code/helianthus-annuus-common-java/helianthus-annuus-apollo-client/build/classes/java/main started by heliannuuthus in /home/heliannuuthus/code/helianthus-annuus-common-java)
2024-03-08 23:42:32.270 [INFO ] [main] DevtoolsApplication - No active profile set, falling back to 1 default profile: "default"
2024-03-08 23:42:32.859 [INFO ] [main] NettyWebServer - Netty started on port 8080
2024-03-08 23:42:32.863 [INFO ] [main] DevtoolsApplication - Started DevtoolsApplication in 0.729 seconds (process running for 1.386)
2024-03-08 23:43:22.322 [INFO ] [main] DevtoolsApplication - Starting DevtoolsApplication using Java 17.0.10 with PID 88960 (/home/heliannuuthus/code/helianthus-annuus-common-java/helianthus-annuus-apollo-client/build/classes/java/main started by heliannuuthus in /home/heliannuuthus/code/helianthus-annuus-common-java)
2024-03-08 23:43:22.325 [INFO ] [main] DevtoolsApplication - No active profile set, falling back to 1 default profile: "default"
2024-03-08 23:43:22.738 [WARN ] [main] AnnotationConfigReactiveWebServerApplicationContext - Exception encountered during context initialization - cancelling refresh attempt: org.springframework.beans.factory.BeanCreationException: Error creating bean with name 'openapiConfiguration': Injection of autowired dependencies failed
2024-03-08 23:43:22.745 [INFO ] [main] ConditionEvaluationReportLogger - 

Error starting ApplicationContext. To display the condition evaluation report re-run your application with 'debug' enabled.
2024-03-08 23:43:22.757 [ERROR] [main] SpringApplication - Application run failed
org.springframework.beans.factory.BeanCreationException: Error creating bean with name 'openapiConfiguration': Injection of autowired dependencies failed
	at org.springframework.beans.factory.annotation.AutowiredAnnotationBeanPostProcessor.postProcessProperties(AutowiredAnnotationBeanPostProcessor.java:514) ~[spring-beans-6.1.4.jar:6.1.4]
	at org.springframework.beans.factory.support.AbstractAutowireCapableBeanFactory.populateBean(AbstractAutowireCapableBeanFactory.java:1419) ~[spring-beans-6.1.4.jar:6.1.4]
	at org.springframework.beans.factory.support.AbstractAutowireCapableBeanFactory.doCreateBean(AbstractAutowireCapableBeanFactory.java:599) ~[spring-beans-6.1.4.jar:6.1.4]
	at org.springframework.beans.factory.support.AbstractAutowireCapableBeanFactory.createBean(AbstractAutowireCapableBeanFactory.java:522) ~[spring-beans-6.1.4.jar:6.1.4]
	at org.springframework.beans.factory.support.AbstractBeanFactory.lambda$doGetBean$0(AbstractBeanFactory.java:325) ~[spring-beans-6.1.4.jar:6.1.4]
	at org.springframework.beans.factory.support.DefaultSingletonBeanRegistry.getSingleton(DefaultSingletonBeanRegistry.java:234) ~[spring-beans-6.1.4.jar:6.1.4]
	at org.springframework.beans.factory.support.AbstractBeanFactory.doGetBean(AbstractBeanFactory.java:323) ~[spring-beans-6.1.4.jar:6.1.4]
	at org.springframework.beans.factory.support.AbstractBeanFactory.getBean(AbstractBeanFactory.java:199) ~[spring-beans-6.1.4.jar:6.1.4]
	at org.springframework.beans.factory.support.DefaultListableBeanFactory.preInstantiateSingletons(DefaultListableBeanFactory.java:975) ~[spring-beans-6.1.4.jar:6.1.4]
	at org.springframework.context.support.AbstractApplicationContext.finishBeanFactoryInitialization(AbstractApplicationContext.java:959) ~[spring-context-6.1.4.jar:6.1.4]
	at org.springframework.context.support.AbstractApplicationContext.refresh(AbstractApplicationContext.java:624) ~[spring-context-6.1.4.jar:6.1.4]
	at org.springframework.boot.web.reactive.context.ReactiveWebServerApplicationContext.refresh(ReactiveWebServerApplicationContext.java:66) ~[spring-boot-3.2.3.jar:3.2.3]
	at org.springframework.boot.SpringApplication.refresh(SpringApplication.java:754) [spring-boot-3.2.3.jar:3.2.3]
	at org.springframework.boot.SpringApplication.refreshContext(SpringApplication.java:456) [spring-boot-3.2.3.jar:3.2.3]
	at org.springframework.boot.SpringApplication.run(SpringApplication.java:334) [spring-boot-3.2.3.jar:3.2.3]
	at org.springframework.boot.SpringApplication.run(SpringApplication.java:1354) [spring-boot-3.2.3.jar:3.2.3]
	at org.springframework.boot.SpringApplication.run(SpringApplication.java:1343) [spring-boot-3.2.3.jar:3.2.3]
	at io.ghcr.heliannuuthus.DevtoolsApplication.main(DevtoolsApplication.java:11) [main/:?]
Caused by: java.lang.IllegalArgumentException: Could not resolve placeholder 'spring.application.name' in value "${spring.application.name}"
	at org.springframework.util.PropertyPlaceholderHelper.parseStringValue(PropertyPlaceholderHelper.java:180) ~[spring-core-6.1.4.jar:6.1.4]
	at org.springframework.util.PropertyPlaceholderHelper.replacePlaceholders(PropertyPlaceholderHelper.java:126) ~[spring-core-6.1.4.jar:6.1.4]
	at org.springframework.core.env.AbstractPropertyResolver.doResolvePlaceholders(AbstractPropertyResolver.java:239) ~[spring-core-6.1.4.jar:6.1.4]
	at org.springframework.core.env.AbstractPropertyResolver.resolveRequiredPlaceholders(AbstractPropertyResolver.java:210) ~[spring-core-6.1.4.jar:6.1.4]
	at org.springframework.context.support.PropertySourcesPlaceholderConfigurer.lambda$processProperties$0(PropertySourcesPlaceholderConfigurer.java:200) ~[spring-context-6.1.4.jar:6.1.4]
	at org.springframework.beans.factory.support.AbstractBeanFactory.resolveEmbeddedValue(AbstractBeanFactory.java:921) ~[spring-beans-6.1.4.jar:6.1.4]
	at org.springframework.beans.factory.support.DefaultListableBeanFactory.doResolveDependency(DefaultListableBeanFactory.java:1374) ~[spring-beans-6.1.4.jar:6.1.4]
	at org.springframework.beans.factory.support.DefaultListableBeanFactory.resolveDependency(DefaultListableBeanFactory.java:1353) ~[spring-beans-6.1.4.jar:6.1.4]
	at org.springframework.beans.factory.annotation.AutowiredAnnotationBeanPostProcessor$AutowiredFieldElement.resolveFieldValue(AutowiredAnnotationBeanPostProcessor.java:784) ~[spring-beans-6.1.4.jar:6.1.4]
	at org.springframework.beans.factory.annotation.AutowiredAnnotationBeanPostProcessor$AutowiredFieldElement.inject(AutowiredAnnotationBeanPostProcessor.java:767) ~[spring-beans-6.1.4.jar:6.1.4]
	at org.springframework.beans.factory.annotation.InjectionMetadata.inject(InjectionMetadata.java:145) ~[spring-beans-6.1.4.jar:6.1.4]
	at org.springframework.beans.factory.annotation.AutowiredAnnotationBeanPostProcessor.postProcessProperties(AutowiredAnnotationBeanPostProcessor.java:508) ~[spring-beans-6.1.4.jar:6.1.4]
	... 17 more
2024-03-08 23:44:25.929 [INFO ] [main] DevtoolsApplication - Starting DevtoolsApplication using Java 17.0.10 with PID 89628 (/home/heliannuuthus/code/helianthus-annuus-common-java/helianthus-annuus-apollo-client/build/classes/java/main started by heliannuuthus in /home/heliannuuthus/code/helianthus-annuus-common-java)
2024-03-08 23:44:25.931 [INFO ] [main] DevtoolsApplication - No active profile set, falling back to 1 default profile: "default"
2024-03-08 23:44:26.323 [WARN ] [main] AnnotationConfigReactiveWebServerApplicationContext - Exception encountered during context initialization - cancelling refresh attempt: org.springframework.beans.factory.BeanCreationException: Error creating bean with name 'openapiConfiguration': Injection of autowired dependencies failed
2024-03-08 23:44:26.331 [INFO ] [main] ConditionEvaluationReportLogger - 

Error starting ApplicationContext. To display the condition evaluation report re-run your application with 'debug' enabled.
2024-03-08 23:44:26.340 [ERROR] [main] SpringApplication - Application run failed
org.springframework.beans.factory.BeanCreationException: Error creating bean with name 'openapiConfiguration': Injection of autowired dependencies failed
	at org.springframework.beans.factory.annotation.AutowiredAnnotationBeanPostProcessor.postProcessProperties(AutowiredAnnotationBeanPostProcessor.java:514) ~[spring-beans-6.1.4.jar:6.1.4]
	at org.springframework.beans.factory.support.AbstractAutowireCapableBeanFactory.populateBean(AbstractAutowireCapableBeanFactory.java:1419) ~[spring-beans-6.1.4.jar:6.1.4]
	at org.springframework.beans.factory.support.AbstractAutowireCapableBeanFactory.doCreateBean(AbstractAutowireCapableBeanFactory.java:599) ~[spring-beans-6.1.4.jar:6.1.4]
	at org.springframework.beans.factory.support.AbstractAutowireCapableBeanFactory.createBean(AbstractAutowireCapableBeanFactory.java:522) ~[spring-beans-6.1.4.jar:6.1.4]
	at org.springframework.beans.factory.support.AbstractBeanFactory.lambda$doGetBean$0(AbstractBeanFactory.java:325) ~[spring-beans-6.1.4.jar:6.1.4]
	at org.springframework.beans.factory.support.DefaultSingletonBeanRegistry.getSingleton(DefaultSingletonBeanRegistry.java:234) ~[spring-beans-6.1.4.jar:6.1.4]
	at org.springframework.beans.factory.support.AbstractBeanFactory.doGetBean(AbstractBeanFactory.java:323) ~[spring-beans-6.1.4.jar:6.1.4]
	at org.springframework.beans.factory.support.AbstractBeanFactory.getBean(AbstractBeanFactory.java:199) ~[spring-beans-6.1.4.jar:6.1.4]
	at org.springframework.beans.factory.support.DefaultListableBeanFactory.preInstantiateSingletons(DefaultListableBeanFactory.java:975) ~[spring-beans-6.1.4.jar:6.1.4]
	at org.springframework.context.support.AbstractApplicationContext.finishBeanFactoryInitialization(AbstractApplicationContext.java:959) ~[spring-context-6.1.4.jar:6.1.4]
	at org.springframework.context.support.AbstractApplicationContext.refresh(AbstractApplicationContext.java:624) ~[spring-context-6.1.4.jar:6.1.4]
	at org.springframework.boot.web.reactive.context.ReactiveWebServerApplicationContext.refresh(ReactiveWebServerApplicationContext.java:66) ~[spring-boot-3.2.3.jar:3.2.3]
	at org.springframework.boot.SpringApplication.refresh(SpringApplication.java:754) [spring-boot-3.2.3.jar:3.2.3]
	at org.springframework.boot.SpringApplication.refreshContext(SpringApplication.java:456) [spring-boot-3.2.3.jar:3.2.3]
	at org.springframework.boot.SpringApplication.run(SpringApplication.java:334) [spring-boot-3.2.3.jar:3.2.3]
	at org.springframework.boot.SpringApplication.run(SpringApplication.java:1354) [spring-boot-3.2.3.jar:3.2.3]
	at org.springframework.boot.SpringApplication.run(SpringApplication.java:1343) [spring-boot-3.2.3.jar:3.2.3]
	at io.ghcr.heliannuuthus.DevtoolsApplication.main(DevtoolsApplication.java:11) [main/:?]
Caused by: java.lang.IllegalArgumentException: Could not resolve placeholder 'server.port' in value "${server.port}"
	at org.springframework.util.PropertyPlaceholderHelper.parseStringValue(PropertyPlaceholderHelper.java:180) ~[spring-core-6.1.4.jar:6.1.4]
	at org.springframework.util.PropertyPlaceholderHelper.replacePlaceholders(PropertyPlaceholderHelper.java:126) ~[spring-core-6.1.4.jar:6.1.4]
	at org.springframework.core.env.AbstractPropertyResolver.doResolvePlaceholders(AbstractPropertyResolver.java:239) ~[spring-core-6.1.4.jar:6.1.4]
	at org.springframework.core.env.AbstractPropertyResolver.resolveRequiredPlaceholders(AbstractPropertyResolver.java:210) ~[spring-core-6.1.4.jar:6.1.4]
	at org.springframework.context.support.PropertySourcesPlaceholderConfigurer.lambda$processProperties$0(PropertySourcesPlaceholderConfigurer.java:200) ~[spring-context-6.1.4.jar:6.1.4]
	at org.springframework.beans.factory.support.AbstractBeanFactory.resolveEmbeddedValue(AbstractBeanFactory.java:921) ~[spring-beans-6.1.4.jar:6.1.4]
	at org.springframework.beans.factory.support.DefaultListableBeanFactory.doResolveDependency(DefaultListableBeanFactory.java:1374) ~[spring-beans-6.1.4.jar:6.1.4]
	at org.springframework.beans.factory.support.DefaultListableBeanFactory.resolveDependency(DefaultListableBeanFactory.java:1353) ~[spring-beans-6.1.4.jar:6.1.4]
	at org.springframework.beans.factory.annotation.AutowiredAnnotationBeanPostProcessor$AutowiredFieldElement.resolveFieldValue(AutowiredAnnotationBeanPostProcessor.java:784) ~[spring-beans-6.1.4.jar:6.1.4]
	at org.springframework.beans.factory.annotation.AutowiredAnnotationBeanPostProcessor$AutowiredFieldElement.inject(AutowiredAnnotationBeanPostProcessor.java:767) ~[spring-beans-6.1.4.jar:6.1.4]
	at org.springframework.beans.factory.annotation.InjectionMetadata.inject(InjectionMetadata.java:145) ~[spring-beans-6.1.4.jar:6.1.4]
	at org.springframework.beans.factory.annotation.AutowiredAnnotationBeanPostProcessor.postProcessProperties(AutowiredAnnotationBeanPostProcessor.java:508) ~[spring-beans-6.1.4.jar:6.1.4]
	... 17 more
2024-03-08 23:45:25.360 [INFO ] [main] DevtoolsApplication - Starting DevtoolsApplication using Java 17.0.10 with PID 90282 (/home/heliannuuthus/code/helianthus-annuus-common-java/helianthus-annuus-apollo-client/build/classes/java/main started by heliannuuthus in /home/heliannuuthus/code/helianthus-annuus-common-java)
2024-03-08 23:45:25.362 [INFO ] [main] DevtoolsApplication - No active profile set, falling back to 1 default profile: "default"
2024-03-08 23:45:25.754 [INFO ] [main] OpenapiConfiguration - openapi: http://localhost:11111/redoc.html
2024-03-08 23:45:26.086 [INFO ] [main] NettyWebServer - Netty started on port 11111
2024-03-08 23:45:26.091 [INFO ] [main] DevtoolsApplication - Started DevtoolsApplication in 0.893 seconds (process running for 1.367)
2024-03-08 23:47:09.676 [INFO ] [main] DevtoolsApplication - Starting DevtoolsApplication using Java 17.0.10 with PID 91462 (/home/heliannuuthus/code/helianthus-annuus-common-java/helianthus-annuus-apollo-client/build/classes/java/main started by heliannuuthus in /home/heliannuuthus/code/helianthus-annuus-common-java)
2024-03-08 23:47:09.678 [INFO ] [main] DevtoolsApplication - No active profile set, falling back to 1 default profile: "default"
2024-03-08 23:47:09.946 [WARN ] [main] DefaultApplicationProvider - app.id is not available from System Property and /META-INF/app.properties. It is set to null
2024-03-08 23:47:09.946 [WARN ] [main] DefaultApplicationProvider - app.label is not available from System Property and /META-INF/app.properties. It is set to null
2024-03-08 23:47:09.947 [INFO ] [main] DefaultServerProvider - Environment is set to null. Because it is not available in either (1) JVM system property 'env', (2) OS env variable 'ENV' nor (3) property 'env' from the properties InputStream.
2024-03-08 23:47:09.999 [WARN ] [main] DefaultMetaServerProvider - Could not find meta server address, because it is not available in neither (1) JVM system property 'apollo.meta', (2) OS env variable 'APOLLO_META' (3) property 'apollo.meta' from server.properties nor (4) property 'apollo.meta' from app.properties
2024-03-08 23:47:10.000 [WARN ] [main] MetaDomainConsts - Meta server address fallback to http://apollo.meta for env UNKNOWN, because it is not available in all MetaServerProviders
2024-03-08 23:47:10.001 [WARN ] [main] ConfigUtil - app.id is not set, please make sure it is set in classpath:/META-INF/app.properties, now apollo will only load public namespace configurations!
2024-03-08 23:47:14.033 [WARN ] [main] AbstractConfigRepository - Sync config failed, will retry. Repository class com.ctrip.framework.apollo.internals.RemoteConfigRepository, reason: Get config services failed from http://apollo.meta/services/config?appId=ApolloNoAppIdPlaceHolder&ip=192.168.1.10 [Cause: ApolloConfigException(Could not complete get operation) [Cause: UnknownHostException(apollo.meta)]]
2024-03-08 23:47:16.037 [WARN ] [main] LocalFileConfigRepository - Sync config from upstream repository class com.ctrip.framework.apollo.internals.RemoteConfigRepository failed, reason: Get config services failed from http://apollo.meta/services/config?appId=ApolloNoAppIdPlaceHolder&ip=192.168.1.10 [Cause: ApolloConfigException(Could not complete get operation) [Cause: UnknownHostException(apollo.meta)]]
2024-03-08 23:47:16.037 [WARN ] [main] AbstractConfigRepository - Sync config failed, will retry. Repository class com.ctrip.framework.apollo.internals.LocalFileConfigRepository, reason: Load config from local config failed! [Cause: ApolloConfigException(Cannot read from local cache file /home/heliannuuthus/code/helianthus-annuus-common-java/helianthus-annuus-apollo-client/build/classes/java/main/config-cache/ApolloNoAppIdPlaceHolder+default+application.properties)]
2024-03-08 23:47:18.038 [WARN ] [Apollo-RemoteConfigLongPollService-1] RemoteConfigLongPollService - Long polling failed, will retry in 1 seconds. appId: ApolloNoAppIdPlaceHolder, cluster: default, namespaces: application, long polling url: null, reason: Get config services failed from http://apollo.meta/services/config?appId=ApolloNoAppIdPlaceHolder&ip=192.168.1.10 [Cause: ApolloConfigException(Could not complete get operation) [Cause: UnknownHostException(apollo.meta)]]
2024-03-08 23:47:20.039 [WARN ] [main] LocalFileConfigRepository - Sync config from upstream repository class com.ctrip.framework.apollo.internals.RemoteConfigRepository failed, reason: Get config services failed from http://apollo.meta/services/config?appId=ApolloNoAppIdPlaceHolder&ip=192.168.1.10 [Cause: ApolloConfigException(Could not complete get operation) [Cause: UnknownHostException(apollo.meta)]]
2024-03-08 23:47:20.040 [WARN ] [main] DefaultConfig - Init Apollo Local Config failed - namespace: application, reason: Load config from local config failed! [Cause: ApolloConfigException(Cannot read from local cache file /home/heliannuuthus/code/helianthus-annuus-common-java/helianthus-annuus-apollo-client/build/classes/java/main/config-cache/ApolloNoAppIdPlaceHolder+default+application.properties)].
2024-03-08 23:47:20.048 [WARN ] [main] DefaultConfig - Could not load config for namespace application from Apollo, please check whether the configs are released in Apollo! Return default value now!
2024-03-08 23:47:20.169 [INFO ] [main] SpringValueProcessor - Monitoring key: spring.application.name, beanName: openapiConfiguration, field: io.ghcr.heliannuuthus.OpenapiConfiguration$$SpringCGLIB$$0.application
2024-03-08 23:47:20.169 [INFO ] [main] SpringValueProcessor - Monitoring key: server.port, beanName: openapiConfiguration, field: io.ghcr.heliannuuthus.OpenapiConfiguration$$SpringCGLIB$$0.port
2024-03-08 23:47:20.169 [INFO ] [main] SpringValueProcessor - Monitoring key: server.address, beanName: openapiConfiguration, field: io.ghcr.heliannuuthus.OpenapiConfiguration$$SpringCGLIB$$0.serverAddress
2024-03-08 23:47:20.170 [INFO ] [main] OpenapiConfiguration - openapi: http://localhost:11111/redoc.html
2024-03-08 23:47:20.456 [INFO ] [main] NettyWebServer - Netty started on port 11111
2024-03-08 23:47:20.460 [INFO ] [main] DevtoolsApplication - Started DevtoolsApplication in 10.954 seconds (process running for 11.449)
2024-03-08 23:47:22.045 [WARN ] [Apollo-RemoteConfigLongPollService-1] RemoteConfigLongPollService - Long polling failed, will retry in 2 seconds. appId: ApolloNoAppIdPlaceHolder, cluster: default, namespaces: application, long polling url: null, reason: Get config services failed from http://apollo.meta/services/config?appId=ApolloNoAppIdPlaceHolder&ip=192.168.1.10 [Cause: ApolloConfigException(Could not complete get operation) [Cause: UnknownHostException(apollo.meta)]]
2024-03-08 23:47:26.049 [WARN ] [Apollo-RemoteConfigLongPollService-1] RemoteConfigLongPollService - Long polling failed, will retry in 4 seconds. appId: ApolloNoAppIdPlaceHolder, cluster: default, namespaces: application, long polling url: null, reason: Get config services failed from http://apollo.meta/services/config?appId=ApolloNoAppIdPlaceHolder&ip=192.168.1.10 [Cause: ApolloConfigException(Could not complete get operation) [Cause: UnknownHostException(apollo.meta)]]
2024-03-08 23:47:32.076 [WARN ] [Apollo-RemoteConfigLongPollService-1] RemoteConfigLongPollService - Long polling failed, will retry in 8 seconds. appId: ApolloNoAppIdPlaceHolder, cluster: default, namespaces: application, long polling url: null, reason: Get config services failed from http://apollo.meta/services/config?appId=ApolloNoAppIdPlaceHolder&ip=192.168.1.10 [Cause: ApolloConfigException(Could not complete get operation) [Cause: UnknownHostException(apollo.meta)]]
2024-03-08 23:50:01.443 [INFO ] [main] DevtoolsApplication - Starting DevtoolsApplication using Java 17.0.10 with PID 93302 (/home/heliannuuthus/code/helianthus-annuus-common-java/helianthus-annuus-apollo-client/build/classes/java/main started by heliannuuthus in /home/heliannuuthus/code/helianthus-annuus-common-java)
2024-03-08 23:50:01.446 [INFO ] [main] DevtoolsApplication - No active profile set, falling back to 1 default profile: "default"
2024-03-08 23:50:01.712 [WARN ] [main] DefaultApplicationProvider - app.id is not available from System Property and /META-INF/app.properties. It is set to null
2024-03-08 23:50:01.712 [WARN ] [main] DefaultApplicationProvider - app.label is not available from System Property and /META-INF/app.properties. It is set to null
2024-03-08 23:50:01.712 [INFO ] [main] DefaultServerProvider - Environment is set to null. Because it is not available in either (1) JVM system property 'env', (2) OS env variable 'ENV' nor (3) property 'env' from the properties InputStream.
2024-03-08 23:50:01.764 [WARN ] [main] DefaultMetaServerProvider - Could not find meta server address, because it is not available in neither (1) JVM system property 'apollo.meta', (2) OS env variable 'APOLLO_META' (3) property 'apollo.meta' from server.properties nor (4) property 'apollo.meta' from app.properties
2024-03-08 23:50:01.766 [WARN ] [main] MetaDomainConsts - Meta server address fallback to http://apollo.meta for env UNKNOWN, because it is not available in all MetaServerProviders
2024-03-08 23:50:01.767 [WARN ] [main] ConfigUtil - app.id is not set, please make sure it is set in classpath:/META-INF/app.properties, now apollo will only load public namespace configurations!
2024-03-08 23:50:05.790 [WARN ] [main] AbstractConfigRepository - Sync config failed, will retry. Repository class com.ctrip.framework.apollo.internals.RemoteConfigRepository, reason: Get config services failed from http://apollo.meta/services/config?appId=ApolloNoAppIdPlaceHolder&ip=192.168.1.10 [Cause: ApolloConfigException(Could not complete get operation) [Cause: UnknownHostException(apollo.meta)]]
2024-03-08 23:50:07.794 [WARN ] [main] LocalFileConfigRepository - Sync config from upstream repository class com.ctrip.framework.apollo.internals.RemoteConfigRepository failed, reason: Get config services failed from http://apollo.meta/services/config?appId=ApolloNoAppIdPlaceHolder&ip=192.168.1.10 [Cause: ApolloConfigException(Could not complete get operation) [Cause: UnknownHostException(apollo.meta)]]
2024-03-08 23:50:07.794 [WARN ] [main] AbstractConfigRepository - Sync config failed, will retry. Repository class com.ctrip.framework.apollo.internals.LocalFileConfigRepository, reason: Load config from local config failed! [Cause: ApolloConfigException(Cannot read from local cache file /home/heliannuuthus/code/helianthus-annuus-common-java/helianthus-annuus-apollo-client/build/classes/java/main/config-cache/ApolloNoAppIdPlaceHolder+default+application.properties)]
2024-03-08 23:50:09.797 [WARN ] [Apollo-RemoteConfigLongPollService-1] RemoteConfigLongPollService - Long polling failed, will retry in 1 seconds. appId: ApolloNoAppIdPlaceHolder, cluster: default, namespaces: application, long polling url: null, reason: Get config services failed from http://apollo.meta/services/config?appId=ApolloNoAppIdPlaceHolder&ip=192.168.1.10 [Cause: ApolloConfigException(Could not complete get operation) [Cause: UnknownHostException(apollo.meta)]]
2024-03-08 23:50:11.796 [WARN ] [main] LocalFileConfigRepository - Sync config from upstream repository class com.ctrip.framework.apollo.internals.RemoteConfigRepository failed, reason: Get config services failed from http://apollo.meta/services/config?appId=ApolloNoAppIdPlaceHolder&ip=192.168.1.10 [Cause: ApolloConfigException(Could not complete get operation) [Cause: UnknownHostException(apollo.meta)]]
2024-03-08 23:50:11.797 [WARN ] [main] DefaultConfig - Init Apollo Local Config failed - namespace: application, reason: Load config from local config failed! [Cause: ApolloConfigException(Cannot read from local cache file /home/heliannuuthus/code/helianthus-annuus-common-java/helianthus-annuus-apollo-client/build/classes/java/main/config-cache/ApolloNoAppIdPlaceHolder+default+application.properties)].
2024-03-08 23:50:11.801 [WARN ] [main] DefaultConfig - Could not load config for namespace application from Apollo, please check whether the configs are released in Apollo! Return default value now!
2024-03-08 23:50:11.922 [INFO ] [main] SpringValueProcessor - Monitoring key: spring.application.name, beanName: openapiConfiguration, field: io.ghcr.heliannuuthus.OpenapiConfiguration$$SpringCGLIB$$0.application
2024-03-08 23:50:11.922 [INFO ] [main] SpringValueProcessor - Monitoring key: server.port, beanName: openapiConfiguration, field: io.ghcr.heliannuuthus.OpenapiConfiguration$$SpringCGLIB$$0.port
2024-03-08 23:50:11.922 [INFO ] [main] SpringValueProcessor - Monitoring key: server.address, beanName: openapiConfiguration, field: io.ghcr.heliannuuthus.OpenapiConfiguration$$SpringCGLIB$$0.serverAddress
2024-03-08 23:50:11.923 [INFO ] [main] OpenapiConfiguration - openapi: http://localhost:11111/redoc.html
2024-03-08 23:50:12.213 [INFO ] [main] NettyWebServer - Netty started on port 11111
2024-03-08 23:50:12.217 [INFO ] [main] DevtoolsApplication - Started DevtoolsApplication in 10.935 seconds (process running for 11.446)
2024-03-08 23:50:13.834 [WARN ] [Apollo-RemoteConfigLongPollService-1] RemoteConfigLongPollService - Long polling failed, will retry in 2 seconds. appId: ApolloNoAppIdPlaceHolder, cluster: default, namespaces: application, long polling url: null, reason: Get config services failed from http://apollo.meta/services/config?appId=ApolloNoAppIdPlaceHolder&ip=192.168.1.10 [Cause: ApolloConfigException(Could not complete get operation) [Cause: UnknownHostException(apollo.meta)]]
2024-03-08 23:50:17.838 [WARN ] [Apollo-RemoteConfigLongPollService-1] RemoteConfigLongPollService - Long polling failed, will retry in 4 seconds. appId: ApolloNoAppIdPlaceHolder, cluster: default, namespaces: application, long polling url: null, reason: Get config services failed from http://apollo.meta/services/config?appId=ApolloNoAppIdPlaceHolder&ip=192.168.1.10 [Cause: ApolloConfigException(Could not complete get operation) [Cause: UnknownHostException(apollo.meta)]]
2024-03-08 23:50:23.843 [WARN ] [Apollo-RemoteConfigLongPollService-1] RemoteConfigLongPollService - Long polling failed, will retry in 8 seconds. appId: ApolloNoAppIdPlaceHolder, cluster: default, namespaces: application, long polling url: null, reason: Get config services failed from http://apollo.meta/services/config?appId=ApolloNoAppIdPlaceHolder&ip=192.168.1.10 [Cause: ApolloConfigException(Could not complete get operation) [Cause: UnknownHostException(apollo.meta)]]
2024-03-08 23:50:33.855 [WARN ] [Apollo-RemoteConfigLongPollService-1] RemoteConfigLongPollService - Long polling failed, will retry in 16 seconds. appId: ApolloNoAppIdPlaceHolder, cluster: default, namespaces: application, long polling url: null, reason: Get config services failed from http://apollo.meta/services/config?appId=ApolloNoAppIdPlaceHolder&ip=192.168.1.10 [Cause: ApolloConfigException(Could not complete get operation) [Cause: UnknownHostException(apollo.meta)]]
2024-03-08 23:50:51.868 [WARN ] [Apollo-RemoteConfigLongPollService-1] RemoteConfigLongPollService - Long polling failed, will retry in 32 seconds. appId: ApolloNoAppIdPlaceHolder, cluster: default, namespaces: application, long polling url: null, reason: Get config services failed from http://apollo.meta/services/config?appId=ApolloNoAppIdPlaceHolder&ip=192.168.1.10 [Cause: ApolloConfigException(Could not complete get operation) [Cause: UnknownHostException(apollo.meta)]]
2024-03-08 23:51:51.832 [INFO ] [main] DevtoolsApplication - Starting DevtoolsApplication using Java 17.0.10 with PID 94721 (/home/heliannuuthus/code/helianthus-annuus-common-java/helianthus-annuus-apollo-client/build/classes/java/main started by heliannuuthus in /home/heliannuuthus/code/helianthus-annuus-common-java)
2024-03-08 23:51:51.835 [INFO ] [main] DevtoolsApplication - No active profile set, falling back to 1 default profile: "default"
2024-03-08 23:51:52.133 [WARN ] [main] DefaultApplicationProvider - app.id is not available from System Property and /META-INF/app.properties. It is set to null
2024-03-08 23:51:52.134 [WARN ] [main] DefaultApplicationProvider - app.label is not available from System Property and /META-INF/app.properties. It is set to null
2024-03-08 23:51:52.134 [INFO ] [main] DefaultServerProvider - Environment is set to null. Because it is not available in either (1) JVM system property 'env', (2) OS env variable 'ENV' nor (3) property 'env' from the properties InputStream.
2024-03-08 23:51:52.220 [WARN ] [main] DefaultMetaServerProvider - Could not find meta server address, because it is not available in neither (1) JVM system property 'apollo.meta', (2) OS env variable 'APOLLO_META' (3) property 'apollo.meta' from server.properties nor (4) property 'apollo.meta' from app.properties
2024-03-08 23:51:59.533 [WARN ] [main] MetaDomainConsts - Meta server address fallback to http://apollo.meta for env UNKNOWN, because it is not available in all MetaServerProviders
2024-03-08 23:51:59.538 [WARN ] [main] ConfigUtil - app.id is not set, please make sure it is set in classpath:/META-INF/app.properties, now apollo will only load public namespace configurations!
2024-03-08 23:52:04.016 [WARN ] [main] AbstractConfigRepository - Sync config failed, will retry. Repository class com.ctrip.framework.apollo.internals.RemoteConfigRepository, reason: Get config services failed from http://apollo.meta/services/config?appId=ApolloNoAppIdPlaceHolder&ip=192.168.1.10 [Cause: ApolloConfigException(Could not complete get operation) [Cause: UnknownHostException(apollo.meta)]]
2024-03-08 23:52:06.019 [WARN ] [main] LocalFileConfigRepository - Sync config from upstream repository class com.ctrip.framework.apollo.internals.RemoteConfigRepository failed, reason: Get config services failed from http://apollo.meta/services/config?appId=ApolloNoAppIdPlaceHolder&ip=192.168.1.10 [Cause: ApolloConfigException(Could not complete get operation) [Cause: UnknownHostException(apollo.meta)]]
2024-03-08 23:52:06.020 [WARN ] [main] AbstractConfigRepository - Sync config failed, will retry. Repository class com.ctrip.framework.apollo.internals.LocalFileConfigRepository, reason: Load config from local config failed! [Cause: ApolloConfigException(Cannot read from local cache file /home/heliannuuthus/code/helianthus-annuus-common-java/helianthus-annuus-apollo-client/build/classes/java/main/config-cache/ApolloNoAppIdPlaceHolder+default+application.properties)]
2024-03-08 23:52:08.020 [WARN ] [Apollo-RemoteConfigLongPollService-1] RemoteConfigLongPollService - Long polling failed, will retry in 1 seconds. appId: ApolloNoAppIdPlaceHolder, cluster: default, namespaces: application, long polling url: null, reason: Get config services failed from http://apollo.meta/services/config?appId=ApolloNoAppIdPlaceHolder&ip=192.168.1.10 [Cause: ApolloConfigException(Could not complete get operation) [Cause: UnknownHostException(apollo.meta)]]
2024-03-08 23:52:10.020 [WARN ] [main] LocalFileConfigRepository - Sync config from upstream repository class com.ctrip.framework.apollo.internals.RemoteConfigRepository failed, reason: Get config services failed from http://apollo.meta/services/config?appId=ApolloNoAppIdPlaceHolder&ip=192.168.1.10 [Cause: ApolloConfigException(Could not complete get operation) [Cause: UnknownHostException(apollo.meta)]]
2024-03-08 23:52:10.021 [WARN ] [main] DefaultConfig - Init Apollo Local Config failed - namespace: application, reason: Load config from local config failed! [Cause: ApolloConfigException(Cannot read from local cache file /home/heliannuuthus/code/helianthus-annuus-common-java/helianthus-annuus-apollo-client/build/classes/java/main/config-cache/ApolloNoAppIdPlaceHolder+default+application.properties)].
2024-03-08 23:52:10.024 [WARN ] [main] DefaultConfig - Could not load config for namespace application from Apollo, please check whether the configs are released in Apollo! Return default value now!
2024-03-08 23:52:10.150 [INFO ] [main] SpringValueProcessor - Monitoring key: spring.application.name, beanName: openapiConfiguration, field: io.ghcr.heliannuuthus.OpenapiConfiguration$$SpringCGLIB$$0.application
2024-03-08 23:52:10.150 [INFO ] [main] SpringValueProcessor - Monitoring key: server.port, beanName: openapiConfiguration, field: io.ghcr.heliannuuthus.OpenapiConfiguration$$SpringCGLIB$$0.port
2024-03-08 23:52:10.150 [INFO ] [main] SpringValueProcessor - Monitoring key: server.address, beanName: openapiConfiguration, field: io.ghcr.heliannuuthus.OpenapiConfiguration$$SpringCGLIB$$0.serverAddress
2024-03-08 23:52:10.150 [INFO ] [main] OpenapiConfiguration - openapi: http://localhost:11111/redoc.html
2024-03-08 23:52:10.468 [INFO ] [main] NettyWebServer - Netty started on port 11111
2024-03-08 23:52:10.474 [INFO ] [main] DevtoolsApplication - Started DevtoolsApplication in 18.839 seconds (process running for 20.586)
2024-03-08 23:52:12.023 [WARN ] [Apollo-RemoteConfigLongPollService-1] RemoteConfigLongPollService - Long polling failed, will retry in 2 seconds. appId: ApolloNoAppIdPlaceHolder, cluster: default, namespaces: application, long polling url: null, reason: Get config services failed from http://apollo.meta/services/config?appId=ApolloNoAppIdPlaceHolder&ip=192.168.1.10 [Cause: ApolloConfigException(Could not complete get operation) [Cause: UnknownHostException(apollo.meta)]]
2024-03-08 23:52:27.705 [INFO ] [main] DevtoolsApplication - Starting DevtoolsApplication using Java 17.0.10 with PID 97174 (/home/heliannuuthus/code/helianthus-annuus-common-java/helianthus-annuus-apollo-client/build/classes/java/main started by heliannuuthus in /home/heliannuuthus/code/helianthus-annuus-common-java)
2024-03-08 23:52:27.707 [INFO ] [main] DevtoolsApplication - No active profile set, falling back to 1 default profile: "default"
2024-03-08 23:52:27.975 [WARN ] [main] DefaultApplicationProvider - app.id is not available from System Property and /META-INF/app.properties. It is set to null
2024-03-08 23:52:27.976 [WARN ] [main] DefaultApplicationProvider - app.label is not available from System Property and /META-INF/app.properties. It is set to null
2024-03-08 23:52:27.976 [INFO ] [main] DefaultServerProvider - Environment is set to null. Because it is not available in either (1) JVM system property 'env', (2) OS env variable 'ENV' nor (3) property 'env' from the properties InputStream.
2024-03-08 23:52:28.026 [WARN ] [main] DefaultMetaServerProvider - Could not find meta server address, because it is not available in neither (1) JVM system property 'apollo.meta', (2) OS env variable 'APOLLO_META' (3) property 'apollo.meta' from server.properties nor (4) property 'apollo.meta' from app.properties
2024-03-08 23:52:28.027 [WARN ] [main] MetaDomainConsts - Meta server address fallback to http://apollo.meta for env UNKNOWN, because it is not available in all MetaServerProviders
2024-03-08 23:52:28.028 [WARN ] [main] ConfigUtil - app.id is not set, please make sure it is set in classpath:/META-INF/app.properties, now apollo will only load public namespace configurations!
2024-03-08 23:52:32.048 [WARN ] [main] AbstractConfigRepository - Sync config failed, will retry. Repository class com.ctrip.framework.apollo.internals.RemoteConfigRepository, reason: Get config services failed from http://apollo.meta/services/config?appId=ApolloNoAppIdPlaceHolder&ip=192.168.1.10 [Cause: ApolloConfigException(Could not complete get operation) [Cause: UnknownHostException(apollo.meta)]]
2024-03-08 23:52:34.052 [WARN ] [main] LocalFileConfigRepository - Sync config from upstream repository class com.ctrip.framework.apollo.internals.RemoteConfigRepository failed, reason: Get config services failed from http://apollo.meta/services/config?appId=ApolloNoAppIdPlaceHolder&ip=192.168.1.10 [Cause: ApolloConfigException(Could not complete get operation) [Cause: UnknownHostException(apollo.meta)]]
2024-03-08 23:52:34.053 [WARN ] [main] AbstractConfigRepository - Sync config failed, will retry. Repository class com.ctrip.framework.apollo.internals.LocalFileConfigRepository, reason: Load config from local config failed! [Cause: ApolloConfigException(Cannot read from local cache file /home/heliannuuthus/code/helianthus-annuus-common-java/helianthus-annuus-apollo-client/build/classes/java/main/config-cache/ApolloNoAppIdPlaceHolder+default+application.properties)]
2024-03-08 23:52:36.055 [WARN ] [Apollo-RemoteConfigLongPollService-1] RemoteConfigLongPollService - Long polling failed, will retry in 1 seconds. appId: ApolloNoAppIdPlaceHolder, cluster: default, namespaces: application, long polling url: null, reason: Get config services failed from http://apollo.meta/services/config?appId=ApolloNoAppIdPlaceHolder&ip=192.168.1.10 [Cause: ApolloConfigException(Could not complete get operation) [Cause: UnknownHostException(apollo.meta)]]
2024-03-08 23:52:38.055 [WARN ] [main] LocalFileConfigRepository - Sync config from upstream repository class com.ctrip.framework.apollo.internals.RemoteConfigRepository failed, reason: Get config services failed from http://apollo.meta/services/config?appId=ApolloNoAppIdPlaceHolder&ip=192.168.1.10 [Cause: ApolloConfigException(Could not complete get operation) [Cause: UnknownHostException(apollo.meta)]]
2024-03-08 23:52:38.055 [WARN ] [main] DefaultConfig - Init Apollo Local Config failed - namespace: application, reason: Load config from local config failed! [Cause: ApolloConfigException(Cannot read from local cache file /home/heliannuuthus/code/helianthus-annuus-common-java/helianthus-annuus-apollo-client/build/classes/java/main/config-cache/ApolloNoAppIdPlaceHolder+default+application.properties)].
2024-03-08 23:52:38.058 [WARN ] [main] DefaultConfig - Could not load config for namespace application from Apollo, please check whether the configs are released in Apollo! Return default value now!
2024-03-08 23:52:38.174 [INFO ] [main] SpringValueProcessor - Monitoring key: spring.application.name, beanName: openapiConfiguration, field: io.ghcr.heliannuuthus.OpenapiConfiguration$$SpringCGLIB$$0.application
2024-03-08 23:52:38.175 [INFO ] [main] SpringValueProcessor - Monitoring key: server.port, beanName: openapiConfiguration, field: io.ghcr.heliannuuthus.OpenapiConfiguration$$SpringCGLIB$$0.port
2024-03-08 23:52:38.175 [INFO ] [main] SpringValueProcessor - Monitoring key: server.address, beanName: openapiConfiguration, field: io.ghcr.heliannuuthus.OpenapiConfiguration$$SpringCGLIB$$0.serverAddress
2024-03-08 23:52:38.175 [INFO ] [main] OpenapiConfiguration - openapi: http://localhost:11111/redoc.html
2024-03-08 23:52:38.474 [INFO ] [main] NettyWebServer - Netty started on port 11111
2024-03-08 23:52:38.479 [INFO ] [main] DevtoolsApplication - Started DevtoolsApplication in 10.942 seconds (process running for 11.557)
2024-03-08 23:52:40.090 [WARN ] [Apollo-RemoteConfigLongPollService-1] RemoteConfigLongPollService - Long polling failed, will retry in 2 seconds. appId: ApolloNoAppIdPlaceHolder, cluster: default, namespaces: application, long polling url: null, reason: Get config services failed from http://apollo.meta/services/config?appId=ApolloNoAppIdPlaceHolder&ip=192.168.1.10 [Cause: ApolloConfigException(Could not complete get operation) [Cause: UnknownHostException(apollo.meta)]]
2024-03-08 23:54:05.947 [INFO ] [main] DevtoolsApplication - Starting DevtoolsApplication using Java 17.0.10 with PID 98556 (/home/heliannuuthus/code/helianthus-annuus-common-java/helianthus-annuus-apollo-client/build/classes/java/main started by heliannuuthus in /home/heliannuuthus/code/helianthus-annuus-common-java)
2024-03-08 23:54:05.949 [INFO ] [main] DevtoolsApplication - No active profile set, falling back to 1 default profile: "default"
2024-03-08 23:54:06.193 [WARN ] [main] DefaultApplicationProvider - app.id is not available from System Property and /META-INF/app.properties. It is set to null
2024-03-08 23:54:06.194 [WARN ] [main] DefaultApplicationProvider - app.label is not available from System Property and /META-INF/app.properties. It is set to null
2024-03-08 23:54:06.194 [INFO ] [main] DefaultServerProvider - Environment is set to null. Because it is not available in either (1) JVM system property 'env', (2) OS env variable 'ENV' nor (3) property 'env' from the properties InputStream.
2024-03-08 23:54:06.244 [WARN ] [main] DefaultMetaServerProvider - Could not find meta server address, because it is not available in neither (1) JVM system property 'apollo.meta', (2) OS env variable 'APOLLO_META' (3) property 'apollo.meta' from server.properties nor (4) property 'apollo.meta' from app.properties
2024-03-08 23:54:06.245 [WARN ] [main] MetaDomainConsts - Meta server address fallback to http://apollo.meta for env UNKNOWN, because it is not available in all MetaServerProviders
2024-03-08 23:54:06.246 [WARN ] [main] ConfigUtil - app.id is not set, please make sure it is set in classpath:/META-INF/app.properties, now apollo will only load public namespace configurations!
2024-03-08 23:54:10.268 [WARN ] [main] AbstractConfigRepository - Sync config failed, will retry. Repository class com.ctrip.framework.apollo.internals.RemoteConfigRepository, reason: Get config services failed from http://apollo.meta/services/config?appId=ApolloNoAppIdPlaceHolder&ip=192.168.1.10 [Cause: ApolloConfigException(Could not complete get operation) [Cause: UnknownHostException(apollo.meta)]]
2024-03-08 23:54:12.282 [WARN ] [main] LocalFileConfigRepository - Sync config from upstream repository class com.ctrip.framework.apollo.internals.RemoteConfigRepository failed, reason: Get config services failed from http://apollo.meta/services/config?appId=ApolloNoAppIdPlaceHolder&ip=192.168.1.10 [Cause: ApolloConfigException(Could not complete get operation) [Cause: UnknownHostException(apollo.meta)]]
2024-03-08 23:54:12.283 [WARN ] [main] AbstractConfigRepository - Sync config failed, will retry. Repository class com.ctrip.framework.apollo.internals.LocalFileConfigRepository, reason: Load config from local config failed! [Cause: ApolloConfigException(Cannot read from local cache file /home/heliannuuthus/code/helianthus-annuus-common-java/helianthus-annuus-apollo-client/build/classes/java/main/config-cache/ApolloNoAppIdPlaceHolder+default+application.properties)]
2024-03-08 23:54:14.284 [WARN ] [Apollo-RemoteConfigLongPollService-1] RemoteConfigLongPollService - Long polling failed, will retry in 1 seconds. appId: ApolloNoAppIdPlaceHolder, cluster: default, namespaces: application, long polling url: null, reason: Get config services failed from http://apollo.meta/services/config?appId=ApolloNoAppIdPlaceHolder&ip=192.168.1.10 [Cause: ApolloConfigException(Could not complete get operation) [Cause: UnknownHostException(apollo.meta)]]
2024-03-08 23:54:16.284 [WARN ] [main] LocalFileConfigRepository - Sync config from upstream repository class com.ctrip.framework.apollo.internals.RemoteConfigRepository failed, reason: Get config services failed from http://apollo.meta/services/config?appId=ApolloNoAppIdPlaceHolder&ip=192.168.1.10 [Cause: ApolloConfigException(Could not complete get operation) [Cause: UnknownHostException(apollo.meta)]]
2024-03-08 23:54:16.284 [WARN ] [main] DefaultConfig - Init Apollo Local Config failed - namespace: application, reason: Load config from local config failed! [Cause: ApolloConfigException(Cannot read from local cache file /home/heliannuuthus/code/helianthus-annuus-common-java/helianthus-annuus-apollo-client/build/classes/java/main/config-cache/ApolloNoAppIdPlaceHolder+default+application.properties)].
2024-03-08 23:54:16.287 [WARN ] [main] DefaultConfig - Could not load config for namespace application from Apollo, please check whether the configs are released in Apollo! Return default value now!
2024-03-08 23:54:16.395 [INFO ] [main] SpringValueProcessor - Monitoring key: spring.application.name, beanName: openapiConfiguration, field: io.ghcr.heliannuuthus.OpenapiConfiguration$$SpringCGLIB$$0.application
2024-03-08 23:54:16.395 [INFO ] [main] SpringValueProcessor - Monitoring key: server.port, beanName: openapiConfiguration, field: io.ghcr.heliannuuthus.OpenapiConfiguration$$SpringCGLIB$$0.port
2024-03-08 23:54:16.395 [INFO ] [main] SpringValueProcessor - Monitoring key: server.address, beanName: openapiConfiguration, field: io.ghcr.heliannuuthus.OpenapiConfiguration$$SpringCGLIB$$0.serverAddress
2024-03-08 23:54:16.395 [INFO ] [main] OpenapiConfiguration - openapi: http://localhost:11111/redoc.html
2024-03-08 23:54:16.658 [INFO ] [main] NettyWebServer - Netty started on port 11111
2024-03-08 23:54:16.662 [INFO ] [main] DevtoolsApplication - Started DevtoolsApplication in 10.865 seconds (process running for 11.35)
2024-03-08 23:54:18.299 [WARN ] [Apollo-RemoteConfigLongPollService-1] RemoteConfigLongPollService - Long polling failed, will retry in 2 seconds. appId: ApolloNoAppIdPlaceHolder, cluster: default, namespaces: application, long polling url: null, reason: Get config services failed from http://apollo.meta/services/config?appId=ApolloNoAppIdPlaceHolder&ip=192.168.1.10 [Cause: ApolloConfigException(Could not complete get operation) [Cause: UnknownHostException(apollo.meta)]]
